<?xml version="1.0" encoding="UTF-8"?>
<!-- Generated by org.testng.reporters.JUnitXMLReporter -->
<testsuite hostname="Ganeshs-MacBook-Pro.local" ignored="0" name="Surefire test" tests="3" failures="0" timestamp="20 Nov 2019 17:44:09 GMT" time="0.047" errors="0">
  <testcase name="AppiumTesting" time="0.008" classname="qaclickAcademy.AppiumTest"/>
  <testcase name="RestAssurestesting" time="0.001" classname="qaclickAcademy.RestAssuredTest"/>
  <testcase name="Screenshot" time="0.0" classname="qaclickAcademy.SelenuimTest"/>
</testsuite> <!-- Surefire test -->
