<?xml version="1.0" encoding="UTF-8"?>
<testng-results skipped="0" failed="0" ignored="0" total="3" passed="3">
  <reporter-output>
  </reporter-output>
  <suite name="Surefire suite" duration-ms="47" started-at="2019-11-20T17:44:04Z" finished-at="2019-11-20T17:44:04Z">
    <groups>
    </groups>
    <test name="Surefire test" duration-ms="47" started-at="2019-11-20T17:44:04Z" finished-at="2019-11-20T17:44:04Z">
      <class name="qaclickAcademy.RestAssuredTest">
        <test-method status="PASS" signature="RestAssurestesting()[pri:0, instance:qaclickAcademy.RestAssuredTest@59e84876]" name="RestAssurestesting" duration-ms="1" started-at="2019-11-20T17:44:04Z" finished-at="2019-11-20T17:44:04Z">
          <reporter-output>
          </reporter-output>
        </test-method> <!-- RestAssurestesting -->
      </class> <!-- qaclickAcademy.RestAssuredTest -->
      <class name="qaclickAcademy.SelenuimTest">
        <test-method status="PASS" signature="Screenshot()[pri:0, instance:qaclickAcademy.SelenuimTest@61a485d2]" name="Screenshot" duration-ms="0" started-at="2019-11-20T17:44:04Z" finished-at="2019-11-20T17:44:04Z">
          <reporter-output>
          </reporter-output>
        </test-method> <!-- Screenshot -->
      </class> <!-- qaclickAcademy.SelenuimTest -->
      <class name="qaclickAcademy.AppiumTest">
        <test-method status="PASS" signature="AppiumTesting()[pri:0, instance:qaclickAcademy.AppiumTest@337d0578]" name="AppiumTesting" duration-ms="8" started-at="2019-11-20T17:44:04Z" finished-at="2019-11-20T17:44:04Z">
          <reporter-output>
          </reporter-output>
        </test-method> <!-- AppiumTesting -->
      </class> <!-- qaclickAcademy.AppiumTest -->
    </test> <!-- Surefire test -->
  </suite> <!-- Surefire suite -->
</testng-results>
